<?xml version="1.0" encoding="UTF-8"?>
<coverage generated="1736348732885" clover="3.2.0">
  <project timestamp="1736348732885" name="All files">
    <metrics statements="112" coveredstatements="98" conditionals="93" coveredconditionals="73" methods="37" coveredmethods="33" elements="242" coveredelements="204" complexity="0" loc="112" ncloc="112" packages="4" files="10" classes="10"/>
    <package name="components.Menu">
      <metrics statements="40" coveredstatements="34" conditionals="54" coveredconditionals="39" methods="9" coveredmethods="8"/>
      <file name="MenuItem.tsx" path="/Users/dan-dev/Desktop/Navbar App/src/components/Menu/MenuItem.tsx">
        <metrics statements="28" coveredstatements="22" conditionals="38" coveredconditionals="26" methods="6" coveredmethods="5"/>
        <line num="9" count="2" type="stmt"/>
        <line num="15" count="84" type="stmt"/>
        <line num="16" count="84" type="stmt"/>
        <line num="17" count="84" type="stmt"/>
        <line num="18" count="84" type="stmt"/>
        <line num="20" count="84" type="cond" truecount="2" falsecount="0"/>
        <line num="21" count="113" type="stmt"/>
        <line num="23" count="84" type="stmt"/>
        <line num="24" count="84" type="stmt"/>
        <line num="31" count="84" type="stmt"/>
        <line num="32" count="3" type="cond" truecount="1" falsecount="1"/>
        <line num="33" count="3" type="stmt"/>
        <line num="36" count="84" type="stmt"/>
        <line num="37" count="1" type="cond" truecount="1" falsecount="1"/>
        <line num="38" count="1" type="stmt"/>
        <line num="41" count="84" type="stmt"/>
        <line num="42" count="4" type="cond" truecount="4" falsecount="0"/>
        <line num="43" count="3" type="stmt"/>
        <line num="44" count="3" type="stmt"/>
        <line num="45" count="1" type="cond" truecount="3" falsecount="1"/>
        <line num="46" count="1" type="stmt"/>
        <line num="50" count="84" type="stmt"/>
        <line num="66" count="0" type="cond" truecount="0" falsecount="2"/>
        <line num="67" count="0" type="stmt"/>
        <line num="68" count="0" type="cond" truecount="0" falsecount="2"/>
        <line num="69" count="0" type="stmt"/>
        <line num="71" count="0" type="cond" truecount="0" falsecount="4"/>
        <line num="72" count="0" type="stmt"/>
      </file>
      <file name="Submenu.tsx" path="/Users/dan-dev/Desktop/Navbar App/src/components/Menu/Submenu.tsx">
        <metrics statements="12" coveredstatements="12" conditionals="16" coveredconditionals="13" methods="3" coveredmethods="3"/>
        <line num="7" count="3" type="stmt"/>
        <line num="14" count="47" type="stmt"/>
        <line num="15" count="47" type="stmt"/>
        <line num="16" count="47" type="stmt"/>
        <line num="17" count="47" type="stmt"/>
        <line num="19" count="47" type="stmt"/>
        <line num="21" count="47" type="stmt"/>
        <line num="31" count="108" type="stmt"/>
        <line num="42" count="1" type="cond" truecount="1" falsecount="1"/>
        <line num="43" count="1" type="stmt"/>
        <line num="44" count="1" type="cond" truecount="1" falsecount="1"/>
        <line num="45" count="1" type="stmt"/>
      </file>
    </package>
    <package name="components.Navbar">
      <metrics statements="10" coveredstatements="9" conditionals="8" coveredconditionals="8" methods="5" coveredmethods="4"/>
      <file name="Navbar.tsx" path="/Users/dan-dev/Desktop/Navbar App/src/components/Navbar/Navbar.tsx">
        <metrics statements="10" coveredstatements="9" conditionals="8" coveredconditionals="8" methods="5" coveredmethods="4"/>
        <line num="9" count="1" type="stmt"/>
        <line num="10" count="14" type="stmt"/>
        <line num="11" count="14" type="stmt"/>
        <line num="12" count="14" type="stmt"/>
        <line num="14" count="14" type="stmt"/>
        <line num="16" count="1" type="stmt"/>
        <line num="20" count="14" type="stmt"/>
        <line num="35" count="4" type="stmt"/>
        <line num="47" count="56" type="stmt"/>
        <line num="51" count="0" type="stmt"/>
      </file>
    </package>
    <package name="constants">
      <metrics statements="1" coveredstatements="1" conditionals="0" coveredconditionals="0" methods="0" coveredmethods="0"/>
      <file name="menuItems.tsx" path="/Users/dan-dev/Desktop/Navbar App/src/constants/menuItems.tsx">
        <metrics statements="1" coveredstatements="1" conditionals="0" coveredconditionals="0" methods="0" coveredmethods="0"/>
        <line num="5" count="1" type="stmt"/>
      </file>
    </package>
    <package name="hooks">
      <metrics statements="61" coveredstatements="54" conditionals="31" coveredconditionals="26" methods="23" coveredmethods="21"/>
      <file name="useClickOutside.ts" path="/Users/dan-dev/Desktop/Navbar App/src/hooks/useClickOutside.ts">
        <metrics statements="8" coveredstatements="8" conditionals="7" coveredconditionals="5" methods="4" coveredmethods="4"/>
        <line num="9" count="1" type="stmt"/>
        <line num="14" count="14" type="stmt"/>
        <line num="15" count="14" type="cond" truecount="2" falsecount="0"/>
        <line num="17" count="9" type="stmt"/>
        <line num="18" count="1" type="cond" truecount="3" falsecount="1"/>
        <line num="19" count="1" type="stmt"/>
        <line num="23" count="9" type="stmt"/>
        <line num="24" count="9" type="stmt"/>
      </file>
      <file name="useMenuState.ts" path="/Users/dan-dev/Desktop/Navbar App/src/hooks/useMenuState.ts">
        <metrics statements="11" coveredstatements="10" conditionals="8" coveredconditionals="6" methods="5" coveredmethods="5"/>
        <line num="10" count="2" type="stmt"/>
        <line num="16" count="84" type="stmt"/>
        <line num="17" count="49" type="stmt"/>
        <line num="18" count="20" type="cond" truecount="2" falsecount="2"/>
        <line num="19" count="0" type="stmt"/>
        <line num="23" count="49" type="stmt"/>
        <line num="25" count="49" type="stmt"/>
        <line num="26" count="49" type="stmt"/>
        <line num="30" count="84" type="stmt"/>
        <line num="31" count="64" type="cond" truecount="4" falsecount="0"/>
        <line num="32" count="27" type="stmt"/>
      </file>
      <file name="useMobileState.ts" path="/Users/dan-dev/Desktop/Navbar App/src/hooks/useMobileState.ts">
        <metrics statements="8" coveredstatements="7" conditionals="0" coveredconditionals="0" methods="4" coveredmethods="3"/>
        <line num="3" count="3" type="stmt"/>
        <line num="4" count="47" type="stmt"/>
        <line num="6" count="47" type="stmt"/>
        <line num="7" count="32" type="stmt"/>
        <line num="8" count="0" type="stmt"/>
        <line num="11" count="32" type="stmt"/>
        <line num="12" count="32" type="stmt"/>
        <line num="15" count="47" type="stmt"/>
      </file>
      <file name="useResizeEffect.ts" path="/Users/dan-dev/Desktop/Navbar App/src/hooks/useResizeEffect.ts">
        <metrics statements="7" coveredstatements="5" conditionals="0" coveredconditionals="0" methods="4" coveredmethods="3"/>
        <line num="3" count="2" type="stmt"/>
        <line num="7" count="84" type="stmt"/>
        <line num="8" count="44" type="stmt"/>
        <line num="9" count="0" type="stmt"/>
        <line num="10" count="0" type="stmt"/>
        <line num="13" count="44" type="stmt"/>
        <line num="14" count="44" type="stmt"/>
      </file>
      <file name="useScrollProgress.ts" path="/Users/dan-dev/Desktop/Navbar App/src/hooks/useScrollProgress.ts">
        <metrics statements="12" coveredstatements="12" conditionals="7" coveredconditionals="7" methods="4" coveredmethods="4"/>
        <line num="8" count="1" type="cond" truecount="1" falsecount="0"/>
        <line num="12" count="6" type="stmt"/>
        <line num="14" count="6" type="stmt"/>
        <line num="15" count="4" type="stmt"/>
        <line num="16" count="3" type="cond" truecount="4" falsecount="0"/>
        <line num="17" count="1" type="stmt"/>
        <line num="18" count="1" type="stmt"/>
        <line num="20" count="2" type="stmt"/>
        <line num="21" count="2" type="stmt"/>
        <line num="24" count="4" type="stmt"/>
        <line num="25" count="4" type="stmt"/>
        <line num="28" count="6" type="stmt"/>
      </file>
      <file name="useSubmenuPosition.ts" path="/Users/dan-dev/Desktop/Navbar App/src/hooks/useSubmenuPosition.ts">
        <metrics statements="15" coveredstatements="12" conditionals="9" coveredconditionals="8" methods="2" coveredmethods="2"/>
        <line num="9" count="4" type="stmt"/>
        <line num="14" count="50" type="stmt"/>
        <line num="15" count="40" type="cond" truecount="5" falsecount="0"/>
        <line num="16" count="13" type="stmt"/>
        <line num="17" count="13" type="stmt"/>
        <line num="20" count="13" type="stmt"/>
        <line num="21" count="13" type="stmt"/>
        <line num="23" count="13" type="cond" truecount="2" falsecount="0"/>
        <line num="24" count="1" type="stmt"/>
        <line num="25" count="1" type="stmt"/>
        <line num="26" count="1" type="stmt"/>
        <line num="27" count="12" type="cond" truecount="1" falsecount="1"/>
        <line num="28" count="0" type="stmt"/>
        <line num="29" count="0" type="stmt"/>
        <line num="30" count="0" type="stmt"/>
      </file>
    </package>
  </project>
</coverage>
