{"/Users/dan-dev/Desktop/Navbar App/src/components/Menu/MenuItem.tsx": {"path":"/Users/dan-dev/Desktop/Navbar App/src/components/Menu/MenuItem.tsx","statementMap":{"0":{"start":{"line":9,"column":42},"end":{"line":103,"column":1}},"1":{"start":{"line":15,"column":36},"end":{"line":15,"column":51}},"2":{"start":{"line":16,"column":18},"end":{"line":16,"column":45}},"3":{"start":{"line":17,"column":34},"end":{"line":17,"column":68}},"4":{"start":{"line":18,"column":19},"end":{"line":18,"column":32}},"5":{"start":{"line":20,"column":4},"end":{"line":21,"column":71}},"6":{"start":{"line":21,"column":36},"end":{"line":21,"column":70}},"7":{"start":{"line":23,"column":2},"end":{"line":23,"column":45}},"8":{"start":{"line":24,"column":2},"end":{"line":29,"column":5}},"9":{"start":{"line":31,"column":27},"end":{"line":34,"column":3}},"10":{"start":{"line":32,"column":4},"end":{"line":32,"column":25}},"11":{"start":{"line":32,"column":18},"end":{"line":32,"column":25}},"12":{"start":{"line":33,"column":4},"end":{"line":33,"column":23}},"13":{"start":{"line":36,"column":27},"end":{"line":39,"column":3}},"14":{"start":{"line":37,"column":4},"end":{"line":37,"column":25}},"15":{"start":{"line":37,"column":18},"end":{"line":37,"column":25}},"16":{"start":{"line":38,"column":4},"end":{"line":38,"column":24}},"17":{"start":{"line":41,"column":22},"end":{"line":48,"column":3}},"18":{"start":{"line":42,"column":4},"end":{"line":47,"column":5}},"19":{"start":{"line":43,"column":6},"end":{"line":43,"column":25}},"20":{"start":{"line":44,"column":6},"end":{"line":44,"column":31}},"21":{"start":{"line":45,"column":11},"end":{"line":47,"column":5}},"22":{"start":{"line":46,"column":6},"end":{"line":46,"column":28}},"23":{"start":{"line":50,"column":2},"end":{"line":102,"column":4}},"24":{"start":{"line":66,"column":10},"end":{"line":73,"column":11}},"25":{"start":{"line":67,"column":12},"end":{"line":67,"column":31}},"26":{"start":{"line":68,"column":12},"end":{"line":70,"column":13}},"27":{"start":{"line":69,"column":14},"end":{"line":69,"column":39}},"28":{"start":{"line":71,"column":17},"end":{"line":73,"column":11}},"29":{"start":{"line":72,"column":12},"end":{"line":72,"column":34}}},"fnMap":{"0":{"name":"(anonymous_0)","decl":{"start":{"line":9,"column":42},"end":{"line":9,"column":43}},"loc":{"start":{"line":14,"column":6},"end":{"line":103,"column":1}},"line":14},"1":{"name":"(anonymous_1)","decl":{"start":{"line":21,"column":23},"end":{"line":21,"column":24}},"loc":{"start":{"line":21,"column":36},"end":{"line":21,"column":70}},"line":21},"2":{"name":"(anonymous_2)","decl":{"start":{"line":31,"column":27},"end":{"line":31,"column":28}},"loc":{"start":{"line":31,"column":33},"end":{"line":34,"column":3}},"line":31},"3":{"name":"(anonymous_3)","decl":{"start":{"line":36,"column":27},"end":{"line":36,"column":28}},"loc":{"start":{"line":36,"column":33},"end":{"line":39,"column":3}},"line":36},"4":{"name":"(anonymous_4)","decl":{"start":{"line":41,"column":22},"end":{"line":41,"column":23}},"loc":{"start":{"line":41,"column":47},"end":{"line":48,"column":3}},"line":41},"5":{"name":"(anonymous_5)","decl":{"start":{"line":65,"column":17},"end":{"line":65,"column":18}},"loc":{"start":{"line":65,"column":24},"end":{"line":74,"column":9}},"line":65}},"branchMap":{"0":{"loc":{"start":{"line":20,"column":4},"end":{"line":21,"column":71}},"type":"binary-expr","locations":[{"start":{"line":20,"column":4},"end":{"line":20,"column":35}},{"start":{"line":21,"column":4},"end":{"line":21,"column":71}}],"line":20},"1":{"loc":{"start":{"line":32,"column":4},"end":{"line":32,"column":25}},"type":"if","locations":[{"start":{"line":32,"column":4},"end":{"line":32,"column":25}},{"start":{},"end":{}}],"line":32},"2":{"loc":{"start":{"line":37,"column":4},"end":{"line":37,"column":25}},"type":"if","locations":[{"start":{"line":37,"column":4},"end":{"line":37,"column":25}},{"start":{},"end":{}}],"line":37},"3":{"loc":{"start":{"line":42,"column":4},"end":{"line":47,"column":5}},"type":"if","locations":[{"start":{"line":42,"column":4},"end":{"line":47,"column":5}},{"start":{"line":45,"column":11},"end":{"line":47,"column":5}}],"line":42},"4":{"loc":{"start":{"line":42,"column":8},"end":{"line":42,"column":32}},"type":"binary-expr","locations":[{"start":{"line":42,"column":8},"end":{"line":42,"column":16}},{"start":{"line":42,"column":20},"end":{"line":42,"column":32}}],"line":42},"5":{"loc":{"start":{"line":45,"column":11},"end":{"line":47,"column":5}},"type":"if","locations":[{"start":{"line":45,"column":11},"end":{"line":47,"column":5}},{"start":{},"end":{}}],"line":45},"6":{"loc":{"start":{"line":45,"column":15},"end":{"line":45,"column":36}},"type":"binary-expr","locations":[{"start":{"line":45,"column":15},"end":{"line":45,"column":23}},{"start":{"line":45,"column":27},"end":{"line":45,"column":36}}],"line":45},"7":{"loc":{"start":{"line":53,"column":32},"end":{"line":53,"column":56}},"type":"cond-expr","locations":[{"start":{"line":53,"column":43},"end":{"line":53,"column":51}},{"start":{"line":53,"column":54},"end":{"line":53,"column":56}}],"line":53},"8":{"loc":{"start":{"line":63,"column":14},"end":{"line":63,"column":57}},"type":"cond-expr","locations":[{"start":{"line":63,"column":29},"end":{"line":63,"column":38}},{"start":{"line":63,"column":41},"end":{"line":63,"column":57}}],"line":63},"9":{"loc":{"start":{"line":63,"column":41},"end":{"line":63,"column":57}},"type":"binary-expr","locations":[{"start":{"line":63,"column":41},"end":{"line":63,"column":50}},{"start":{"line":63,"column":54},"end":{"line":63,"column":57}}],"line":63},"10":{"loc":{"start":{"line":66,"column":10},"end":{"line":73,"column":11}},"type":"if","locations":[{"start":{"line":66,"column":10},"end":{"line":73,"column":11}},{"start":{"line":71,"column":17},"end":{"line":73,"column":11}}],"line":66},"11":{"loc":{"start":{"line":68,"column":12},"end":{"line":70,"column":13}},"type":"if","locations":[{"start":{"line":68,"column":12},"end":{"line":70,"column":13}},{"start":{},"end":{}}],"line":68},"12":{"loc":{"start":{"line":71,"column":17},"end":{"line":73,"column":11}},"type":"if","locations":[{"start":{"line":71,"column":17},"end":{"line":73,"column":11}},{"start":{},"end":{}}],"line":71},"13":{"loc":{"start":{"line":71,"column":21},"end":{"line":71,"column":42}},"type":"binary-expr","locations":[{"start":{"line":71,"column":21},"end":{"line":71,"column":29}},{"start":{"line":71,"column":33},"end":{"line":71,"column":42}}],"line":71},"14":{"loc":{"start":{"line":75,"column":36},"end":{"line":75,"column":63}},"type":"cond-expr","locations":[{"start":{"line":75,"column":51},"end":{"line":75,"column":58}},{"start":{"line":75,"column":61},"end":{"line":75,"column":63}}],"line":75},"15":{"loc":{"start":{"line":77,"column":9},"end":{"line":81,"column":9}},"type":"binary-expr","locations":[{"start":{"line":77,"column":9},"end":{"line":77,"column":18}},{"start":{"line":78,"column":10},"end":{"line":80,"column":17}}],"line":77},"16":{"loc":{"start":{"line":83,"column":9},"end":{"line":88,"column":9}},"type":"binary-expr","locations":[{"start":{"line":83,"column":9},"end":{"line":83,"column":21}},{"start":{"line":84,"column":10},"end":{"line":87,"column":12}}],"line":83},"17":{"loc":{"start":{"line":85,"column":44},"end":{"line":85,"column":70}},"type":"cond-expr","locations":[{"start":{"line":85,"column":56},"end":{"line":85,"column":65}},{"start":{"line":85,"column":68},"end":{"line":85,"column":70}}],"line":85},"18":{"loc":{"start":{"line":90,"column":7},"end":{"line":100,"column":7}},"type":"binary-expr","locations":[{"start":{"line":90,"column":7},"end":{"line":90,"column":19}},{"start":{"line":91,"column":8},"end":{"line":99,"column":10}}],"line":90}},"s":{"0":2,"1":84,"2":84,"3":84,"4":84,"5":84,"6":113,"7":84,"8":84,"9":84,"10":3,"11":0,"12":3,"13":84,"14":1,"15":0,"16":1,"17":84,"18":4,"19":3,"20":3,"21":1,"22":1,"23":84,"24":0,"25":0,"26":0,"27":0,"28":0,"29":0},"f":{"0":84,"1":113,"2":3,"3":1,"4":4,"5":0},"b":{"0":[84,67],"1":[0,3],"2":[0,1],"3":[3,1],"4":[4,4],"5":[1,0],"6":[1,1],"7":[17,67],"8":[48,36],"9":[36,0],"10":[0,0],"11":[0,0],"12":[0,0],"13":[0,0],"14":[48,36],"15":[84,84],"16":[84,48],"17":[6,42],"18":[84,48]},"_coverageSchema":"1a1c01bbd47fc00a2c39e90264f33305004495a9","hash":"69f839a352c7f00a27ec9db6cfc5a4e8190729a7"}
,"/Users/dan-dev/Desktop/Navbar App/src/components/Menu/Submenu.tsx": {"path":"/Users/dan-dev/Desktop/Navbar App/src/components/Menu/Submenu.tsx","statementMap":{"0":{"start":{"line":7,"column":40},"end":{"line":63,"column":1}},"1":{"start":{"line":14,"column":21},"end":{"line":14,"column":51}},"2":{"start":{"line":15,"column":19},"end":{"line":15,"column":32}},"3":{"start":{"line":16,"column":19},"end":{"line":16,"column":32}},"4":{"start":{"line":17,"column":19},"end":{"line":17,"column":35}},"5":{"start":{"line":19,"column":2},"end":{"line":19,"column":58}},"6":{"start":{"line":21,"column":2},"end":{"line":62,"column":4}},"7":{"start":{"line":31,"column":8},"end":{"line":59,"column":13}},"8":{"start":{"line":42,"column":14},"end":{"line":47,"column":15}},"9":{"start":{"line":43,"column":16},"end":{"line":43,"column":38}},"10":{"start":{"line":44,"column":16},"end":{"line":46,"column":17}},"11":{"start":{"line":45,"column":18},"end":{"line":45,"column":38}}},"fnMap":{"0":{"name":"(anonymous_0)","decl":{"start":{"line":7,"column":40},"end":{"line":7,"column":41}},"loc":{"start":{"line":13,"column":6},"end":{"line":63,"column":1}},"line":13},"1":{"name":"(anonymous_1)","decl":{"start":{"line":30,"column":17},"end":{"line":30,"column":18}},"loc":{"start":{"line":31,"column":8},"end":{"line":59,"column":13}},"line":31},"2":{"name":"(anonymous_2)","decl":{"start":{"line":41,"column":21},"end":{"line":41,"column":22}},"loc":{"start":{"line":41,"column":27},"end":{"line":48,"column":13}},"line":41}},"branchMap":{"0":{"loc":{"start":{"line":24,"column":28},"end":{"line":24,"column":52}},"type":"cond-expr","locations":[{"start":{"line":24,"column":39},"end":{"line":24,"column":47}},{"start":{"line":24,"column":50},"end":{"line":24,"column":52}}],"line":24},"1":{"loc":{"start":{"line":25,"column":8},"end":{"line":25,"column":36}},"type":"cond-expr","locations":[{"start":{"line":25,"column":21},"end":{"line":25,"column":31}},{"start":{"line":25,"column":34},"end":{"line":25,"column":36}}],"line":25},"2":{"loc":{"start":{"line":28,"column":19},"end":{"line":28,"column":76}},"type":"binary-expr","locations":[{"start":{"line":28,"column":19},"end":{"line":28,"column":28}},{"start":{"line":28,"column":32},"end":{"line":28,"column":76}}],"line":28},"3":{"loc":{"start":{"line":34,"column":12},"end":{"line":34,"column":72}},"type":"cond-expr","locations":[{"start":{"line":34,"column":59},"end":{"line":34,"column":67}},{"start":{"line":34,"column":70},"end":{"line":34,"column":72}}],"line":34},"4":{"loc":{"start":{"line":34,"column":12},"end":{"line":34,"column":56}},"type":"binary-expr","locations":[{"start":{"line":34,"column":12},"end":{"line":34,"column":21}},{"start":{"line":34,"column":25},"end":{"line":34,"column":56}}],"line":34},"5":{"loc":{"start":{"line":42,"column":14},"end":{"line":47,"column":15}},"type":"if","locations":[{"start":{"line":42,"column":14},"end":{"line":47,"column":15}},{"start":{},"end":{}}],"line":42},"6":{"loc":{"start":{"line":44,"column":16},"end":{"line":46,"column":17}},"type":"if","locations":[{"start":{"line":44,"column":16},"end":{"line":46,"column":17}},{"start":{},"end":{}}],"line":44},"7":{"loc":{"start":{"line":52,"column":13},"end":{"line":56,"column":13}},"type":"binary-expr","locations":[{"start":{"line":52,"column":13},"end":{"line":52,"column":22}},{"start":{"line":53,"column":14},"end":{"line":55,"column":21}}],"line":52}},"s":{"0":3,"1":47,"2":47,"3":47,"4":47,"5":47,"6":47,"7":108,"8":1,"9":1,"10":1,"11":1},"f":{"0":47,"1":108,"2":1},"b":{"0":[11,36],"1":[19,28],"2":[47,36],"3":[0,108],"4":[108,108],"5":[1,0],"6":[1,0],"7":[108,8]},"_coverageSchema":"1a1c01bbd47fc00a2c39e90264f33305004495a9","hash":"09afad4c88962b9182a6e01df7edd1dfdd1f54c5"}
,"/Users/dan-dev/Desktop/Navbar App/src/components/Navbar/Navbar.tsx": {"path":"/Users/dan-dev/Desktop/Navbar App/src/components/Navbar/Navbar.tsx","statementMap":{"0":{"start":{"line":9,"column":25},"end":{"line":59,"column":1}},"1":{"start":{"line":10,"column":38},"end":{"line":10,"column":53}},"2":{"start":{"line":11,"column":25},"end":{"line":11,"column":44}},"3":{"start":{"line":12,"column":17},"end":{"line":12,"column":42}},"4":{"start":{"line":14,"column":2},"end":{"line":18,"column":5}},"5":{"start":{"line":16,"column":19},"end":{"line":16,"column":39}},"6":{"start":{"line":20,"column":2},"end":{"line":58,"column":4}},"7":{"start":{"line":35,"column":25},"end":{"line":35,"column":51}},"8":{"start":{"line":47,"column":12},"end":{"line":53,"column":14}},"9":{"start":{"line":51,"column":39},"end":{"line":51,"column":59}}},"fnMap":{"0":{"name":"(anonymous_0)","decl":{"start":{"line":9,"column":25},"end":{"line":9,"column":26}},"loc":{"start":{"line":9,"column":31},"end":{"line":59,"column":1}},"line":9},"1":{"name":"(anonymous_1)","decl":{"start":{"line":16,"column":13},"end":{"line":16,"column":14}},"loc":{"start":{"line":16,"column":19},"end":{"line":16,"column":39}},"line":16},"2":{"name":"(anonymous_2)","decl":{"start":{"line":35,"column":19},"end":{"line":35,"column":20}},"loc":{"start":{"line":35,"column":25},"end":{"line":35,"column":51}},"line":35},"3":{"name":"(anonymous_3)","decl":{"start":{"line":46,"column":25},"end":{"line":46,"column":26}},"loc":{"start":{"line":47,"column":12},"end":{"line":53,"column":14}},"line":47},"4":{"name":"(anonymous_4)","decl":{"start":{"line":51,"column":33},"end":{"line":51,"column":34}},"loc":{"start":{"line":51,"column":39},"end":{"line":51,"column":59}},"line":51}},"branchMap":{"0":{"loc":{"start":{"line":23,"column":27},"end":{"line":23,"column":65}},"type":"cond-expr","locations":[{"start":{"line":23,"column":50},"end":{"line":23,"column":60}},{"start":{"line":23,"column":63},"end":{"line":23,"column":65}}],"line":23},"1":{"loc":{"start":{"line":34,"column":43},"end":{"line":34,"column":67}},"type":"cond-expr","locations":[{"start":{"line":34,"column":56},"end":{"line":34,"column":62}},{"start":{"line":34,"column":65},"end":{"line":34,"column":67}}],"line":34},"2":{"loc":{"start":{"line":38,"column":11},"end":{"line":42,"column":11}},"type":"cond-expr","locations":[{"start":{"line":39,"column":12},"end":{"line":39,"column":51}},{"start":{"line":41,"column":12},"end":{"line":41,"column":54}}],"line":38},"3":{"loc":{"start":{"line":45,"column":38},"end":{"line":45,"column":62}},"type":"cond-expr","locations":[{"start":{"line":45,"column":51},"end":{"line":45,"column":57}},{"start":{"line":45,"column":60},"end":{"line":45,"column":62}}],"line":45}},"s":{"0":1,"1":14,"2":14,"3":14,"4":14,"5":1,"6":14,"7":4,"8":56,"9":0},"f":{"0":14,"1":1,"2":4,"3":56,"4":0},"b":{"0":[9,5],"1":[3,11],"2":[3,11],"3":[3,11]},"_coverageSchema":"1a1c01bbd47fc00a2c39e90264f33305004495a9","hash":"ec96c4623fec91b57560186ca4bc697d65ba702b"}
,"/Users/dan-dev/Desktop/Navbar App/src/constants/menuItems.tsx": {"path":"/Users/dan-dev/Desktop/Navbar App/src/constants/menuItems.tsx","statementMap":{"0":{"start":{"line":5,"column":34},"end":{"line":25,"column":1}}},"fnMap":{},"branchMap":{},"s":{"0":1},"f":{},"b":{},"_coverageSchema":"1a1c01bbd47fc00a2c39e90264f33305004495a9","hash":"5bb2888c10d2102a05b08b6a815667c1f9096421"}
,"/Users/dan-dev/Desktop/Navbar App/src/hooks/useClickOutside.ts": {"path":"/Users/dan-dev/Desktop/Navbar App/src/hooks/useClickOutside.ts","statementMap":{"0":{"start":{"line":9,"column":24},"end":{"line":26,"column":1}},"1":{"start":{"line":14,"column":2},"end":{"line":25,"column":30}},"2":{"start":{"line":15,"column":4},"end":{"line":15,"column":25}},"3":{"start":{"line":15,"column":18},"end":{"line":15,"column":25}},"4":{"start":{"line":17,"column":31},"end":{"line":21,"column":5}},"5":{"start":{"line":18,"column":6},"end":{"line":20,"column":7}},"6":{"start":{"line":19,"column":8},"end":{"line":19,"column":18}},"7":{"start":{"line":23,"column":4},"end":{"line":23,"column":63}},"8":{"start":{"line":24,"column":4},"end":{"line":24,"column":79}},"9":{"start":{"line":24,"column":17},"end":{"line":24,"column":78}}},"fnMap":{"0":{"name":"(anonymous_0)","decl":{"start":{"line":9,"column":24},"end":{"line":9,"column":25}},"loc":{"start":{"line":13,"column":28},"end":{"line":26,"column":1}},"line":13},"1":{"name":"(anonymous_1)","decl":{"start":{"line":14,"column":12},"end":{"line":14,"column":13}},"loc":{"start":{"line":14,"column":18},"end":{"line":25,"column":3}},"line":14},"2":{"name":"(anonymous_2)","decl":{"start":{"line":17,"column":31},"end":{"line":17,"column":32}},"loc":{"start":{"line":17,"column":54},"end":{"line":21,"column":5}},"line":17},"3":{"name":"(anonymous_3)","decl":{"start":{"line":24,"column":11},"end":{"line":24,"column":12}},"loc":{"start":{"line":24,"column":17},"end":{"line":24,"column":78}},"line":24}},"branchMap":{"0":{"loc":{"start":{"line":12,"column":2},"end":{"line":12,"column":16}},"type":"default-arg","locations":[{"start":{"line":12,"column":12},"end":{"line":12,"column":16}}],"line":12},"1":{"loc":{"start":{"line":15,"column":4},"end":{"line":15,"column":25}},"type":"if","locations":[{"start":{"line":15,"column":4},"end":{"line":15,"column":25}},{"start":{},"end":{}}],"line":15},"2":{"loc":{"start":{"line":18,"column":6},"end":{"line":20,"column":7}},"type":"if","locations":[{"start":{"line":18,"column":6},"end":{"line":20,"column":7}},{"start":{},"end":{}}],"line":18},"3":{"loc":{"start":{"line":18,"column":10},"end":{"line":18,"column":68}},"type":"binary-expr","locations":[{"start":{"line":18,"column":10},"end":{"line":18,"column":21}},{"start":{"line":18,"column":25},"end":{"line":18,"column":68}}],"line":18}},"s":{"0":1,"1":14,"2":14,"3":5,"4":9,"5":1,"6":1,"7":9,"8":9,"9":9},"f":{"0":14,"1":14,"2":1,"3":9},"b":{"0":[0],"1":[5,9],"2":[1,0],"3":[1,1]},"_coverageSchema":"1a1c01bbd47fc00a2c39e90264f33305004495a9","hash":"40cd284f6e7443ecf2979923b8823208f8d9fe25"}
,"/Users/dan-dev/Desktop/Navbar App/src/hooks/useMenuState.ts": {"path":"/Users/dan-dev/Desktop/Navbar App/src/hooks/useMenuState.ts","statementMap":{"0":{"start":{"line":10,"column":21},"end":{"line":35,"column":1}},"1":{"start":{"line":16,"column":2},"end":{"line":28,"column":42}},"2":{"start":{"line":17,"column":32},"end":{"line":21,"column":5}},"3":{"start":{"line":18,"column":6},"end":{"line":20,"column":7}},"4":{"start":{"line":19,"column":8},"end":{"line":19,"column":28}},"5":{"start":{"line":23,"column":4},"end":{"line":23,"column":60}},"6":{"start":{"line":25,"column":4},"end":{"line":27,"column":6}},"7":{"start":{"line":26,"column":6},"end":{"line":26,"column":65}},"8":{"start":{"line":30,"column":2},"end":{"line":34,"column":43}},"9":{"start":{"line":31,"column":4},"end":{"line":33,"column":5}},"10":{"start":{"line":32,"column":6},"end":{"line":32,"column":26}}},"fnMap":{"0":{"name":"(anonymous_0)","decl":{"start":{"line":10,"column":21},"end":{"line":10,"column":22}},"loc":{"start":{"line":15,"column":25},"end":{"line":35,"column":1}},"line":15},"1":{"name":"(anonymous_1)","decl":{"start":{"line":16,"column":12},"end":{"line":16,"column":13}},"loc":{"start":{"line":16,"column":18},"end":{"line":28,"column":3}},"line":16},"2":{"name":"(anonymous_2)","decl":{"start":{"line":17,"column":32},"end":{"line":17,"column":33}},"loc":{"start":{"line":17,"column":38},"end":{"line":21,"column":5}},"line":17},"3":{"name":"(anonymous_3)","decl":{"start":{"line":25,"column":11},"end":{"line":25,"column":12}},"loc":{"start":{"line":25,"column":17},"end":{"line":27,"column":5}},"line":25},"4":{"name":"(anonymous_4)","decl":{"start":{"line":30,"column":12},"end":{"line":30,"column":13}},"loc":{"start":{"line":30,"column":18},"end":{"line":34,"column":3}},"line":30}},"branchMap":{"0":{"loc":{"start":{"line":18,"column":6},"end":{"line":20,"column":7}},"type":"if","locations":[{"start":{"line":18,"column":6},"end":{"line":20,"column":7}},{"start":{},"end":{}}],"line":18},"1":{"loc":{"start":{"line":18,"column":10},"end":{"line":18,"column":32}},"type":"binary-expr","locations":[{"start":{"line":18,"column":10},"end":{"line":18,"column":19}},{"start":{"line":18,"column":23},"end":{"line":18,"column":32}}],"line":18},"2":{"loc":{"start":{"line":31,"column":4},"end":{"line":33,"column":5}},"type":"if","locations":[{"start":{"line":31,"column":4},"end":{"line":33,"column":5}},{"start":{},"end":{}}],"line":31},"3":{"loc":{"start":{"line":31,"column":8},"end":{"line":31,"column":31}},"type":"binary-expr","locations":[{"start":{"line":31,"column":8},"end":{"line":31,"column":16}},{"start":{"line":31,"column":20},"end":{"line":31,"column":31}}],"line":31}},"s":{"0":2,"1":84,"2":49,"3":20,"4":0,"5":49,"6":49,"7":49,"8":84,"9":64,"10":27},"f":{"0":84,"1":49,"2":20,"3":49,"4":64},"b":{"0":[0,20],"1":[20,0],"2":[27,37],"3":[64,39]},"_coverageSchema":"1a1c01bbd47fc00a2c39e90264f33305004495a9","hash":"e3a609ff9f11ffa050a0846c2026035122031dd8"}
,"/Users/dan-dev/Desktop/Navbar App/src/hooks/useMobileState.ts": {"path":"/Users/dan-dev/Desktop/Navbar App/src/hooks/useMobileState.ts","statementMap":{"0":{"start":{"line":3,"column":23},"end":{"line":16,"column":1}},"1":{"start":{"line":4,"column":34},"end":{"line":4,"column":68}},"2":{"start":{"line":6,"column":2},"end":{"line":13,"column":9}},"3":{"start":{"line":7,"column":25},"end":{"line":9,"column":5}},"4":{"start":{"line":8,"column":6},"end":{"line":8,"column":44}},"5":{"start":{"line":11,"column":4},"end":{"line":11,"column":52}},"6":{"start":{"line":12,"column":4},"end":{"line":12,"column":68}},"7":{"start":{"line":12,"column":17},"end":{"line":12,"column":67}},"8":{"start":{"line":15,"column":2},"end":{"line":15,"column":18}}},"fnMap":{"0":{"name":"(anonymous_0)","decl":{"start":{"line":3,"column":23},"end":{"line":3,"column":24}},"loc":{"start":{"line":3,"column":29},"end":{"line":16,"column":1}},"line":3},"1":{"name":"(anonymous_1)","decl":{"start":{"line":6,"column":12},"end":{"line":6,"column":13}},"loc":{"start":{"line":6,"column":18},"end":{"line":13,"column":3}},"line":6},"2":{"name":"(anonymous_2)","decl":{"start":{"line":7,"column":25},"end":{"line":7,"column":26}},"loc":{"start":{"line":7,"column":31},"end":{"line":9,"column":5}},"line":7},"3":{"name":"(anonymous_3)","decl":{"start":{"line":12,"column":11},"end":{"line":12,"column":12}},"loc":{"start":{"line":12,"column":17},"end":{"line":12,"column":67}},"line":12}},"branchMap":{},"s":{"0":3,"1":47,"2":47,"3":32,"4":0,"5":32,"6":32,"7":32,"8":47},"f":{"0":47,"1":32,"2":0,"3":32},"b":{},"_coverageSchema":"1a1c01bbd47fc00a2c39e90264f33305004495a9","hash":"a02e1ee5d8cfb84a7366fe62a046631eb288504b"}
,"/Users/dan-dev/Desktop/Navbar App/src/hooks/useResizeEffect.ts": {"path":"/Users/dan-dev/Desktop/Navbar App/src/hooks/useResizeEffect.ts","statementMap":{"0":{"start":{"line":3,"column":24},"end":{"line":16,"column":1}},"1":{"start":{"line":7,"column":2},"end":{"line":15,"column":34}},"2":{"start":{"line":8,"column":25},"end":{"line":11,"column":5}},"3":{"start":{"line":9,"column":6},"end":{"line":9,"column":44}},"4":{"start":{"line":10,"column":6},"end":{"line":10,"column":26}},"5":{"start":{"line":13,"column":4},"end":{"line":13,"column":52}},"6":{"start":{"line":14,"column":4},"end":{"line":14,"column":68}},"7":{"start":{"line":14,"column":17},"end":{"line":14,"column":67}}},"fnMap":{"0":{"name":"(anonymous_0)","decl":{"start":{"line":3,"column":24},"end":{"line":3,"column":25}},"loc":{"start":{"line":6,"column":5},"end":{"line":16,"column":1}},"line":6},"1":{"name":"(anonymous_1)","decl":{"start":{"line":7,"column":12},"end":{"line":7,"column":13}},"loc":{"start":{"line":7,"column":18},"end":{"line":15,"column":3}},"line":7},"2":{"name":"(anonymous_2)","decl":{"start":{"line":8,"column":25},"end":{"line":8,"column":26}},"loc":{"start":{"line":8,"column":31},"end":{"line":11,"column":5}},"line":8},"3":{"name":"(anonymous_3)","decl":{"start":{"line":14,"column":11},"end":{"line":14,"column":12}},"loc":{"start":{"line":14,"column":17},"end":{"line":14,"column":67}},"line":14}},"branchMap":{},"s":{"0":2,"1":84,"2":44,"3":0,"4":0,"5":44,"6":44,"7":44},"f":{"0":84,"1":44,"2":0,"3":44},"b":{},"_coverageSchema":"1a1c01bbd47fc00a2c39e90264f33305004495a9","hash":"0e5d6c52de10998c560b24b654a3bb557ca1e99c"}
,"/Users/dan-dev/Desktop/Navbar App/src/hooks/useScrollProgress.ts": {"path":"/Users/dan-dev/Desktop/Navbar App/src/hooks/useScrollProgress.ts","statementMap":{"0":{"start":{"line":8,"column":26},"end":{"line":29,"column":1}},"1":{"start":{"line":12,"column":46},"end":{"line":12,"column":57}},"2":{"start":{"line":14,"column":2},"end":{"line":26,"column":39}},"3":{"start":{"line":15,"column":25},"end":{"line":22,"column":5}},"4":{"start":{"line":16,"column":6},"end":{"line":19,"column":7}},"5":{"start":{"line":17,"column":8},"end":{"line":17,"column":29}},"6":{"start":{"line":18,"column":8},"end":{"line":18,"column":15}},"7":{"start":{"line":20,"column":23},"end":{"line":20,"column":67}},"8":{"start":{"line":21,"column":6},"end":{"line":21,"column":34}},"9":{"start":{"line":24,"column":4},"end":{"line":24,"column":71}},"10":{"start":{"line":25,"column":4},"end":{"line":25,"column":68}},"11":{"start":{"line":25,"column":17},"end":{"line":25,"column":67}},"12":{"start":{"line":28,"column":2},"end":{"line":28,"column":24}}},"fnMap":{"0":{"name":"(anonymous_0)","decl":{"start":{"line":8,"column":26},"end":{"line":8,"column":27}},"loc":{"start":{"line":11,"column":37},"end":{"line":29,"column":1}},"line":11},"1":{"name":"(anonymous_1)","decl":{"start":{"line":14,"column":12},"end":{"line":14,"column":13}},"loc":{"start":{"line":14,"column":18},"end":{"line":26,"column":3}},"line":14},"2":{"name":"(anonymous_2)","decl":{"start":{"line":15,"column":25},"end":{"line":15,"column":26}},"loc":{"start":{"line":15,"column":31},"end":{"line":22,"column":5}},"line":15},"3":{"name":"(anonymous_3)","decl":{"start":{"line":25,"column":11},"end":{"line":25,"column":12}},"loc":{"start":{"line":25,"column":17},"end":{"line":25,"column":67}},"line":25}},"branchMap":{"0":{"loc":{"start":{"line":8,"column":27},"end":{"line":11,"column":32}},"type":"default-arg","locations":[{"start":{"line":11,"column":30},"end":{"line":11,"column":32}}],"line":8},"1":{"loc":{"start":{"line":9,"column":2},"end":{"line":9,"column":23}},"type":"default-arg","locations":[{"start":{"line":9,"column":19},"end":{"line":9,"column":23}}],"line":9},"2":{"loc":{"start":{"line":10,"column":2},"end":{"line":10,"column":23}},"type":"default-arg","locations":[{"start":{"line":10,"column":19},"end":{"line":10,"column":23}}],"line":10},"3":{"loc":{"start":{"line":16,"column":6},"end":{"line":19,"column":7}},"type":"if","locations":[{"start":{"line":16,"column":6},"end":{"line":19,"column":7}},{"start":{},"end":{}}],"line":16},"4":{"loc":{"start":{"line":16,"column":10},"end":{"line":16,"column":52}},"type":"binary-expr","locations":[{"start":{"line":16,"column":10},"end":{"line":16,"column":24}},{"start":{"line":16,"column":28},"end":{"line":16,"column":52}}],"line":16}},"s":{"0":1,"1":6,"2":6,"3":4,"4":3,"5":1,"6":1,"7":2,"8":2,"9":4,"10":4,"11":4,"12":6},"f":{"0":6,"1":4,"2":3,"3":4},"b":{"0":[1],"1":[5],"2":[2],"3":[1,2],"4":[3,3]},"_coverageSchema":"1a1c01bbd47fc00a2c39e90264f33305004495a9","hash":"60da056f2d1f1555ae51341be9888cf0e1dde6c9"}
,"/Users/dan-dev/Desktop/Navbar App/src/hooks/useSubmenuPosition.ts": {"path":"/Users/dan-dev/Desktop/Navbar App/src/hooks/useSubmenuPosition.ts","statementMap":{"0":{"start":{"line":9,"column":27},"end":{"line":34,"column":1}},"1":{"start":{"line":14,"column":2},"end":{"line":33,"column":40}},"2":{"start":{"line":15,"column":4},"end":{"line":32,"column":5}},"3":{"start":{"line":16,"column":25},"end":{"line":16,"column":66}},"4":{"start":{"line":17,"column":26},"end":{"line":17,"column":68}},"5":{"start":{"line":20,"column":8},"end":{"line":20,"column":63}},"6":{"start":{"line":21,"column":28},"end":{"line":21,"column":67}},"7":{"start":{"line":23,"column":6},"end":{"line":31,"column":7}},"8":{"start":{"line":24,"column":8},"end":{"line":24,"column":47}},"9":{"start":{"line":25,"column":8},"end":{"line":25,"column":45}},"10":{"start":{"line":26,"column":8},"end":{"line":26,"column":64}},"11":{"start":{"line":27,"column":13},"end":{"line":31,"column":7}},"12":{"start":{"line":28,"column":8},"end":{"line":28,"column":44}},"13":{"start":{"line":29,"column":8},"end":{"line":29,"column":48}},"14":{"start":{"line":30,"column":8},"end":{"line":30,"column":64}}},"fnMap":{"0":{"name":"(anonymous_0)","decl":{"start":{"line":9,"column":27},"end":{"line":9,"column":28}},"loc":{"start":{"line":13,"column":31},"end":{"line":34,"column":1}},"line":13},"1":{"name":"(anonymous_1)","decl":{"start":{"line":14,"column":12},"end":{"line":14,"column":13}},"loc":{"start":{"line":14,"column":18},"end":{"line":33,"column":3}},"line":14}},"branchMap":{"0":{"loc":{"start":{"line":15,"column":4},"end":{"line":32,"column":5}},"type":"if","locations":[{"start":{"line":15,"column":4},"end":{"line":32,"column":5}},{"start":{},"end":{}}],"line":15},"1":{"loc":{"start":{"line":15,"column":8},"end":{"line":15,"column":59}},"type":"binary-expr","locations":[{"start":{"line":15,"column":8},"end":{"line":15,"column":26}},{"start":{"line":15,"column":30},"end":{"line":15,"column":47}},{"start":{"line":15,"column":51},"end":{"line":15,"column":59}}],"line":15},"2":{"loc":{"start":{"line":23,"column":6},"end":{"line":31,"column":7}},"type":"if","locations":[{"start":{"line":23,"column":6},"end":{"line":31,"column":7}},{"start":{"line":27,"column":13},"end":{"line":31,"column":7}}],"line":23},"3":{"loc":{"start":{"line":27,"column":13},"end":{"line":31,"column":7}},"type":"if","locations":[{"start":{"line":27,"column":13},"end":{"line":31,"column":7}},{"start":{},"end":{}}],"line":27}},"s":{"0":4,"1":50,"2":40,"3":13,"4":13,"5":13,"6":13,"7":13,"8":1,"9":1,"10":1,"11":12,"12":0,"13":0,"14":0},"f":{"0":50,"1":40},"b":{"0":[13,27],"1":[40,40,40],"2":[1,12],"3":[0,12]},"_coverageSchema":"1a1c01bbd47fc00a2c39e90264f33305004495a9","hash":"378e6cba716b6cd455c48ae08170549ee837a689"}
}
