TN:
SF:src/components/Menu/MenuItem.tsx
FN:9,(anonymous_0)
FN:21,(anonymous_1)
FN:31,(anonymous_2)
FN:36,(anonymous_3)
FN:41,(anonymous_4)
FN:65,(anonymous_5)
FNF:6
FNH:5
FNDA:84,(anonymous_0)
FNDA:113,(anonymous_1)
FNDA:3,(anonymous_2)
FNDA:1,(anonymous_3)
FNDA:4,(anonymous_4)
FNDA:0,(anonymous_5)
DA:9,2
DA:15,84
DA:16,84
DA:17,84
DA:18,84
DA:20,84
DA:21,113
DA:23,84
DA:24,84
DA:31,84
DA:32,3
DA:33,3
DA:36,84
DA:37,1
DA:38,1
DA:41,84
DA:42,4
DA:43,3
DA:44,3
DA:45,1
DA:46,1
DA:50,84
DA:66,0
DA:67,0
DA:68,0
DA:69,0
DA:71,0
DA:72,0
LF:28
LH:22
BRDA:20,0,0,84
BRDA:20,0,1,67
BRDA:32,1,0,0
BRDA:32,1,1,3
BRDA:37,2,0,0
BRDA:37,2,1,1
BRDA:42,3,0,3
BRDA:42,3,1,1
BRDA:42,4,0,4
BRDA:42,4,1,4
BRDA:45,5,0,1
BRDA:45,5,1,0
BRDA:45,6,0,1
BRDA:45,6,1,1
BRDA:53,7,0,17
BRDA:53,7,1,67
BRDA:63,8,0,48
BRDA:63,8,1,36
BRDA:63,9,0,36
BRDA:63,9,1,0
BRDA:66,10,0,0
BRDA:66,10,1,0
BRDA:68,11,0,0
BRDA:68,11,1,0
BRDA:71,12,0,0
BRDA:71,12,1,0
BRDA:71,13,0,0
BRDA:71,13,1,0
BRDA:75,14,0,48
BRDA:75,14,1,36
BRDA:77,15,0,84
BRDA:77,15,1,84
BRDA:83,16,0,84
BRDA:83,16,1,48
BRDA:85,17,0,6
BRDA:85,17,1,42
BRDA:90,18,0,84
BRDA:90,18,1,48
BRF:38
BRH:26
end_of_record
TN:
SF:src/components/Menu/Submenu.tsx
FN:7,(anonymous_0)
FN:30,(anonymous_1)
FN:41,(anonymous_2)
FNF:3
FNH:3
FNDA:47,(anonymous_0)
FNDA:108,(anonymous_1)
FNDA:1,(anonymous_2)
DA:7,3
DA:14,47
DA:15,47
DA:16,47
DA:17,47
DA:19,47
DA:21,47
DA:31,108
DA:42,1
DA:43,1
DA:44,1
DA:45,1
LF:12
LH:12
BRDA:24,0,0,11
BRDA:24,0,1,36
BRDA:25,1,0,19
BRDA:25,1,1,28
BRDA:28,2,0,47
BRDA:28,2,1,36
BRDA:34,3,0,0
BRDA:34,3,1,108
BRDA:34,4,0,108
BRDA:34,4,1,108
BRDA:42,5,0,1
BRDA:42,5,1,0
BRDA:44,6,0,1
BRDA:44,6,1,0
BRDA:52,7,0,108
BRDA:52,7,1,8
BRF:16
BRH:13
end_of_record
TN:
SF:src/components/Navbar/Navbar.tsx
FN:9,(anonymous_0)
FN:16,(anonymous_1)
FN:35,(anonymous_2)
FN:46,(anonymous_3)
FN:51,(anonymous_4)
FNF:5
FNH:4
FNDA:14,(anonymous_0)
FNDA:1,(anonymous_1)
FNDA:4,(anonymous_2)
FNDA:56,(anonymous_3)
FNDA:0,(anonymous_4)
DA:9,1
DA:10,14
DA:11,14
DA:12,14
DA:14,14
DA:16,1
DA:20,14
DA:35,4
DA:47,56
DA:51,0
LF:10
LH:9
BRDA:23,0,0,9
BRDA:23,0,1,5
BRDA:34,1,0,3
BRDA:34,1,1,11
BRDA:38,2,0,3
BRDA:38,2,1,11
BRDA:45,3,0,3
BRDA:45,3,1,11
BRF:8
BRH:8
end_of_record
TN:
SF:src/constants/menuItems.tsx
FNF:0
FNH:0
DA:5,1
LF:1
LH:1
BRF:0
BRH:0
end_of_record
TN:
SF:src/hooks/useClickOutside.ts
FN:9,(anonymous_0)
FN:14,(anonymous_1)
FN:17,(anonymous_2)
FN:24,(anonymous_3)
FNF:4
FNH:4
FNDA:14,(anonymous_0)
FNDA:14,(anonymous_1)
FNDA:1,(anonymous_2)
FNDA:9,(anonymous_3)
DA:9,1
DA:14,14
DA:15,14
DA:17,9
DA:18,1
DA:19,1
DA:23,9
DA:24,9
LF:8
LH:8
BRDA:12,0,0,0
BRDA:15,1,0,5
BRDA:15,1,1,9
BRDA:18,2,0,1
BRDA:18,2,1,0
BRDA:18,3,0,1
BRDA:18,3,1,1
BRF:7
BRH:5
end_of_record
TN:
SF:src/hooks/useMenuState.ts
FN:10,(anonymous_0)
FN:16,(anonymous_1)
FN:17,(anonymous_2)
FN:25,(anonymous_3)
FN:30,(anonymous_4)
FNF:5
FNH:5
FNDA:84,(anonymous_0)
FNDA:49,(anonymous_1)
FNDA:20,(anonymous_2)
FNDA:49,(anonymous_3)
FNDA:64,(anonymous_4)
DA:10,2
DA:16,84
DA:17,49
DA:18,20
DA:19,0
DA:23,49
DA:25,49
DA:26,49
DA:30,84
DA:31,64
DA:32,27
LF:11
LH:10
BRDA:18,0,0,0
BRDA:18,0,1,20
BRDA:18,1,0,20
BRDA:18,1,1,0
BRDA:31,2,0,27
BRDA:31,2,1,37
BRDA:31,3,0,64
BRDA:31,3,1,39
BRF:8
BRH:6
end_of_record
TN:
SF:src/hooks/useMobileState.ts
FN:3,(anonymous_0)
FN:6,(anonymous_1)
FN:7,(anonymous_2)
FN:12,(anonymous_3)
FNF:4
FNH:3
FNDA:47,(anonymous_0)
FNDA:32,(anonymous_1)
FNDA:0,(anonymous_2)
FNDA:32,(anonymous_3)
DA:3,3
DA:4,47
DA:6,47
DA:7,32
DA:8,0
DA:11,32
DA:12,32
DA:15,47
LF:8
LH:7
BRF:0
BRH:0
end_of_record
TN:
SF:src/hooks/useResizeEffect.ts
FN:3,(anonymous_0)
FN:7,(anonymous_1)
FN:8,(anonymous_2)
FN:14,(anonymous_3)
FNF:4
FNH:3
FNDA:84,(anonymous_0)
FNDA:44,(anonymous_1)
FNDA:0,(anonymous_2)
FNDA:44,(anonymous_3)
DA:3,2
DA:7,84
DA:8,44
DA:9,0
DA:10,0
DA:13,44
DA:14,44
LF:7
LH:5
BRF:0
BRH:0
end_of_record
TN:
SF:src/hooks/useScrollProgress.ts
FN:8,(anonymous_0)
FN:14,(anonymous_1)
FN:15,(anonymous_2)
FN:25,(anonymous_3)
FNF:4
FNH:4
FNDA:6,(anonymous_0)
FNDA:4,(anonymous_1)
FNDA:3,(anonymous_2)
FNDA:4,(anonymous_3)
DA:8,1
DA:12,6
DA:14,6
DA:15,4
DA:16,3
DA:17,1
DA:18,1
DA:20,2
DA:21,2
DA:24,4
DA:25,4
DA:28,6
LF:12
LH:12
BRDA:8,0,0,1
BRDA:9,1,0,5
BRDA:10,2,0,2
BRDA:16,3,0,1
BRDA:16,3,1,2
BRDA:16,4,0,3
BRDA:16,4,1,3
BRF:7
BRH:7
end_of_record
TN:
SF:src/hooks/useSubmenuPosition.ts
FN:9,(anonymous_0)
FN:14,(anonymous_1)
FNF:2
FNH:2
FNDA:50,(anonymous_0)
FNDA:40,(anonymous_1)
DA:9,4
DA:14,50
DA:15,40
DA:16,13
DA:17,13
DA:20,13
DA:21,13
DA:23,13
DA:24,1
DA:25,1
DA:26,1
DA:27,12
DA:28,0
DA:29,0
DA:30,0
LF:15
LH:12
BRDA:15,0,0,13
BRDA:15,0,1,27
BRDA:15,1,0,40
BRDA:15,1,1,40
BRDA:15,1,2,40
BRDA:23,2,0,1
BRDA:23,2,1,12
BRDA:27,3,0,0
BRDA:27,3,1,12
BRF:9
BRH:8
end_of_record
